<?xml version="1.0" encoding="UTF-8"?>
<!-- Generated by org.testng.reporters.JUnitReportReporter -->
<testsuite hostname="BRILLIANT" failures="0" tests="1" name="firstapp.Apptest" time="43.690" errors="0" timestamp="2025-02-20T11:11:29 IST" skipped="0">
  <testcase classname="firstapp.Apptest" name="UserLoginandSignup" time="43.690"/>
</testsuite> <!-- firstapp.Apptest -->
